[debug] [2019-08-19T20:49:29.920Z] ----------------------------------------------------------------------
[debug] [2019-08-19T20:49:29.921Z] Command:       /usr/local/bin/node /usr/local/bin/firebase deploy
[debug] [2019-08-19T20:49:29.921Z] CLI Version:   7.2.3
[debug] [2019-08-19T20:49:29.921Z] Platform:      linux
[debug] [2019-08-19T20:49:29.921Z] Node Version:  v10.16.2
[debug] [2019-08-19T20:49:29.922Z] Time:          Mon Aug 19 2019 16:49:29 GMT-0400 (GMT-04:00)
[debug] [2019-08-19T20:49:29.922Z] ----------------------------------------------------------------------
[debug] 
[debug] [2019-08-19T20:49:29.927Z] > command requires scopes: ["email","openid","https://www.googleapis.com/auth/cloudplatformprojects.readonly","https://www.googleapis.com/auth/firebase","https://www.googleapis.com/auth/cloud-platform"]
[debug] [2019-08-19T20:49:29.927Z] > authorizing via signed-in user
[debug] [2019-08-19T20:49:29.927Z] [iam] checking project jobapp-pin for permissions ["firebase.projects.get","firebasehosting.sites.update"]
[debug] [2019-08-19T20:49:29.928Z] >>> HTTP REQUEST POST https://cloudresourcemanager.googleapis.com/v1/projects/jobapp-pin:testIamPermissions  

[debug] [2019-08-19T20:49:31.047Z] <<< HTTP RESPONSE 200
[debug] [2019-08-19T20:49:31.056Z] >>> HTTP REQUEST GET https://firebase.googleapis.com/v1beta1/projects/jobapp-pin  
 
[debug] [2019-08-19T20:49:32.276Z] <<< HTTP RESPONSE 200
[info] 
[info] === Deploying to 'jobapp-pin'...
[info] 
[info] i  deploying hosting
[debug] [2019-08-19T20:49:32.287Z] >>> HTTP REQUEST POST https://firebasehosting.googleapis.com/v1beta1/sites/jobapp-pin/versions  

[debug] [2019-08-19T20:49:33.336Z] <<< HTTP RESPONSE 500
[debug] [2019-08-19T20:49:33.337Z] <<< HTTP RESPONSE BODY
[error] 
[error] Error: HTTP Error: 500, Internal error encountered.
[debug] [2019-08-19T20:49:33.609Z] Error Context: {
  "body": {
    "error": {
      "code": 500,
      "message": "Internal error encountered.",
      "status": "INTERNAL"
    }
  },
  "response": {
    "statusCode": 500,
    "body": {
      "error": {
        "code": 500,
        "message": "Internal error encountered.",
        "status": "INTERNAL"
      }
    },
    "headers": {
      "vary": "X-Origin, Referer, Origin,Accept-Encoding",
      "content-type": "application/json; charset=UTF-8",
      "date": "Mon, 19 Aug 2019 20:49:33 GMT",
      "server": "ESF",
      "cache-control": "private",
      "x-xss-protection": "0",
      "x-frame-options": "SAMEORIGIN",
      "x-content-type-options": "nosniff",
      "alt-svc": "quic=\":443\"; ma=2592000; v=\"46,43,39\"",
      "accept-ranges": "none",
      "transfer-encoding": "chunked"
    },
    "request": {
      "uri": {
        "protocol": "https:",
        "slashes": true,
        "auth": null,
        "host": "firebasehosting.googleapis.com",
        "port": 443,
        "hostname": "firebasehosting.googleapis.com",
        "hash": null,
        "search": null,
        "query": null,
        "pathname": "/v1beta1/sites/jobapp-pin/versions",
        "path": "/v1beta1/sites/jobapp-pin/versions",
        "href": "https://firebasehosting.googleapis.com/v1beta1/sites/jobapp-pin/versions"
      },
      "method": "POST"
    }
  }
}
